Base path: 'C:/Program Files/Unity/Hub/Editor/2019.4.13f1/Editor/Data', plugins path 'C:/Program Files/Unity/Hub/Editor/2019.4.13f1/Editor/Data/PlaybackEngines'
Cmd: initializeCompiler
Cmd: compileComputeKernel
  api=4 insize=12109 outsize=2631 ok=1
Cmd: compileComputeKernel
  api=4 insize=11985 outsize=1465 ok=1
Cmd: compileComputeKernel
  api=4 insize=11985 outsize=1502 ok=1
Cmd: compileComputeKernel
  api=4 insize=18301 outsize=5661 ok=1
Cmd: compileComputeKernel
  api=4 insize=66874 outsize=10967 ok=1
Cmd: compileComputeKernel
  api=4 insize=66874 outsize=1819 ok=1
Cmd: compileComputeKernel
  api=4 insize=66874 outsize=1856 ok=1
Cmd: compileComputeKernel
  api=4 insize=66874 outsize=1326 ok=1
Cmd: compileComputeKernel
  api=4 insize=66874 outsize=3004 ok=1
Cmd: compileComputeKernel
  api=4 insize=66874 outsize=1427 ok=1
Cmd: compileComputeKernel
  api=4 insize=72903 outsize=5741 ok=1
Cmd: compileComputeKernel
  api=4 insize=34089 outsize=772 ok=1
Cmd: compileComputeKernel
  api=4 insize=34089 outsize=910 ok=1
Cmd: compileComputeKernel
  api=4 insize=34089 outsize=796 ok=1
Cmd: compileComputeKernel
  api=4 insize=34089 outsize=716 ok=1
Cmd: compileComputeKernel
  api=4 insize=34089 outsize=1861 ok=1
Cmd: compileComputeKernel
  api=4 insize=34089 outsize=1340 ok=1
Cmd: compileComputeKernel
  api=4 insize=34089 outsize=1311 ok=1
Cmd: compileComputeKernel
  api=4 insize=34089 outsize=1618 ok=1
Cmd: compileComputeKernel
  api=4 insize=79248 outsize=6364 ok=1
Cmd: compileComputeKernel
  api=4 insize=79248 outsize=35778 ok=1
Cmd: compileSnippet
  api=4 type=1 insize=1602 outsize=7190 kw=UNITY_PASS_FORWARDBASE DIRECTIONAL SHADOWS_SCREEN LIGHTPROBE_SH pd=UNITY_ENABLE_REFLECTION_BUFFERS UNITY_USE_DITHER_MASK_FOR_ALPHABLENDED_SHADOWS UNITY_PBS_USE_BRDF1 UNITY_SPECCUBE_BOX_PROJECTION UNITY_SPECCUBE_BLENDING UNITY_ENABLE_DETAIL_NORMALMAP SHADER_API_DESKTOP UNITY_COLORSPACE_GAMMA UNITY_LIGHT_PROBE_PROXY_VOLUME UNITY_LIGHTMAP_FULL_HDR ok=1
Cmd: compileSnippet
  api=4 type=1 insize=2992 outsize=470 kw= pd=UNITY_ENABLE_REFLECTION_BUFFERS UNITY_USE_DITHER_MASK_FOR_ALPHABLENDED_SHADOWS UNITY_PBS_USE_BRDF1 UNITY_SPECCUBE_BOX_PROJECTION UNITY_SPECCUBE_BLENDING UNITY_ENABLE_DETAIL_NORMALMAP SHADER_API_DESKTOP UNITY_COLORSPACE_GAMMA UNITY_LIGHT_PROBE_PROXY_VOLUME UNITY_LIGHTMAP_FULL_HDR ok=1
