Base path: 'C:/Program Files/Unity/Hub/Editor/2019.4.13f1/Editor/Data', plugins path 'C:/Program Files/Unity/Hub/Editor/2019.4.13f1/Editor/Data/PlaybackEngines'
Cmd: initializeCompiler
Cmd: compileComputeKernel
  api=4 insize=12109 outsize=1558 ok=1
Cmd: compileComputeKernel
  api=4 insize=11985 outsize=1465 ok=1
Cmd: compileComputeKernel
  api=4 insize=18301 outsize=3271 ok=1
Cmd: compileComputeKernel
  api=4 insize=66874 outsize=10239 ok=1
Cmd: compileComputeKernel
  api=4 insize=66874 outsize=1823 ok=1
Cmd: compileComputeKernel
  api=4 insize=34089 outsize=770 ok=1
Cmd: compileComputeKernel
  api=4 insize=34089 outsize=806 ok=1
Cmd: compileComputeKernel
  api=4 insize=34089 outsize=701 ok=1
Cmd: compileComputeKernel
  api=4 insize=34089 outsize=854 ok=1
Cmd: compileComputeKernel
  api=4 insize=34089 outsize=1321 ok=1
Cmd: compileComputeKernel
  api=4 insize=34089 outsize=1346 ok=1
Cmd: compileComputeKernel
  api=4 insize=34089 outsize=1311 ok=1
Cmd: compileComputeKernel
  api=4 insize=34089 outsize=1306 ok=1
Cmd: compileComputeKernel
  api=4 insize=79248 outsize=35141 ok=1
Cmd: compileComputeKernel
  api=4 insize=4442 outsize=1590 ok=1
Cmd: compileSnippet
  api=4 type=0 insize=1602 outsize=2002 kw=UNITY_PASS_FORWARDBASE DIRECTIONAL SHADOWS_SCREEN LIGHTPROBE_SH pd=UNITY_ENABLE_REFLECTION_BUFFERS UNITY_USE_DITHER_MASK_FOR_ALPHABLENDED_SHADOWS UNITY_PBS_USE_BRDF1 UNITY_SPECCUBE_BOX_PROJECTION UNITY_SPECCUBE_BLENDING UNITY_ENABLE_DETAIL_NORMALMAP SHADER_API_DESKTOP UNITY_COLORSPACE_GAMMA UNITY_LIGHT_PROBE_PROXY_VOLUME UNITY_LIGHTMAP_FULL_HDR ok=1
